<?xml version="1.0" encoding="UTF-8"?>
<!-- Generated by org.testng.reporters.JUnitXMLReporter -->
<testsuite ignored="0" hostname="Harishs-MacBook-Pro.local" failures="1" tests="3" name="Employees test suite" time="4.066" errors="0" timestamp="2022-07-06T15:32:57 BST">
  <testcase classname="org.onefamily.AppTest" name="verifyEmployeeById" time="1.824"/>
  <testcase classname="org.onefamily.AppTest" name="verifyEmployeeById" time="0.667"/>
  <testcase classname="org.onefamily.AppTest" name="verifyEmployees" time="1.057">
    <failure type="java.lang.AssertionError" message="[Employees api should respond with status code 200] 
expected: 200
 but was: 429">
      <![CDATA[java.lang.AssertionError: [Employees api should respond with status code 200] 
expected: 200
 but was: 429
at org.onefamily.AppTest.verifyEmployees(AppTest.java:43)
at java.base/java.util.ArrayList.forEach(ArrayList.java:1511)
... Removed 31 stack frames]]>
    </failure>
  </testcase> <!-- verifyEmployees -->
</testsuite> <!-- Employees test suite -->
